{"C:\\Users\\Lenovo\\javascript-exercises\\05_sumAll\\sumAll.js": {"path":"C:\\Users\\Lenovo\\javascript-exercises\\05_sumAll\\sumAll.js","statementMap":{"0":{"start":{"line":1,"column":15},"end":{"line":18,"column":1}},"1":{"start":{"line":3,"column":4},"end":{"line":5,"column":5}},"2":{"start":{"line":4,"column":8},"end":{"line":4,"column":24}},"3":{"start":{"line":7,"column":4},"end":{"line":11,"column":5}},"4":{"start":{"line":8,"column":21},"end":{"line":8,"column":24}},"5":{"start":{"line":9,"column":8},"end":{"line":9,"column":18}},"6":{"start":{"line":10,"column":8},"end":{"line":10,"column":19}},"7":{"start":{"line":12,"column":14},"end":{"line":12,"column":15}},"8":{"start":{"line":13,"column":4},"end":{"line":15,"column":5}},"9":{"start":{"line":13,"column":17},"end":{"line":13,"column":20}},"10":{"start":{"line":14,"column":8},"end":{"line":14,"column":17}},"11":{"start":{"line":16,"column":4},"end":{"line":16,"column":15}},"12":{"start":{"line":21,"column":0},"end":{"line":21,"column":24}}},"fnMap":{"0":{"name":"(anonymous_0)","decl":{"start":{"line":1,"column":15},"end":{"line":1,"column":16}},"loc":{"start":{"line":1,"column":33},"end":{"line":18,"column":1}},"line":1}},"branchMap":{"0":{"loc":{"start":{"line":3,"column":4},"end":{"line":5,"column":5}},"type":"if","locations":[{"start":{"line":3,"column":4},"end":{"line":5,"column":5}},{"start":{},"end":{}}],"line":3},"1":{"loc":{"start":{"line":3,"column":8},"end":{"line":3,"column":103}},"type":"binary-expr","locations":[{"start":{"line":3,"column":8},"end":{"line":3,"column":30}},{"start":{"line":3,"column":34},"end":{"line":3,"column":56}},{"start":{"line":3,"column":60},"end":{"line":3,"column":70}},{"start":{"line":3,"column":75},"end":{"line":3,"column":85}},{"start":{"line":3,"column":89},"end":{"line":3,"column":94}},{"start":{"line":3,"column":98},"end":{"line":3,"column":103}}],"line":3},"2":{"loc":{"start":{"line":7,"column":4},"end":{"line":11,"column":5}},"type":"if","locations":[{"start":{"line":7,"column":4},"end":{"line":11,"column":5}},{"start":{},"end":{}}],"line":7}},"s":{"0":1,"1":6,"2":3,"3":3,"4":1,"5":1,"6":1,"7":3,"8":3,"9":3,"10":4127,"11":3,"12":1},"f":{"0":6},"b":{"0":[3,3],"1":[6,6,4,4,4,3],"2":[1,2]},"_coverageSchema":"1a1c01bbd47fc00a2c39e90264f33305004495a9","hash":"8aba4272c73cc43d61316bf7389e4655aac6653d"}
,"C:\\Users\\Lenovo\\javascript-exercises\\05_sumAll\\solution\\sumAll-solution.js": {"path":"C:\\Users\\Lenovo\\javascript-exercises\\05_sumAll\\solution\\sumAll-solution.js","statementMap":{"0":{"start":{"line":1,"column":15},"end":{"line":14,"column":1}},"1":{"start":{"line":2,"column":2},"end":{"line":2,"column":71}},"2":{"start":{"line":2,"column":56},"end":{"line":2,"column":71}},"3":{"start":{"line":3,"column":2},"end":{"line":3,"column":41}},"4":{"start":{"line":3,"column":26},"end":{"line":3,"column":41}},"5":{"start":{"line":4,"column":2},"end":{"line":8,"column":3}},"6":{"start":{"line":5,"column":17},"end":{"line":5,"column":20}},"7":{"start":{"line":6,"column":4},"end":{"line":6,"column":14}},"8":{"start":{"line":7,"column":4},"end":{"line":7,"column":15}},"9":{"start":{"line":9,"column":12},"end":{"line":9,"column":13}},"10":{"start":{"line":10,"column":2},"end":{"line":12,"column":3}},"11":{"start":{"line":10,"column":15},"end":{"line":10,"column":18}},"12":{"start":{"line":11,"column":4},"end":{"line":11,"column":13}},"13":{"start":{"line":13,"column":2},"end":{"line":13,"column":13}},"14":{"start":{"line":16,"column":0},"end":{"line":16,"column":24}}},"fnMap":{"0":{"name":"(anonymous_0)","decl":{"start":{"line":1,"column":15},"end":{"line":1,"column":16}},"loc":{"start":{"line":1,"column":35},"end":{"line":14,"column":1}},"line":1}},"branchMap":{"0":{"loc":{"start":{"line":2,"column":2},"end":{"line":2,"column":71}},"type":"if","locations":[{"start":{"line":2,"column":2},"end":{"line":2,"column":71}},{"start":{},"end":{}}],"line":2},"1":{"loc":{"start":{"line":2,"column":6},"end":{"line":2,"column":54}},"type":"binary-expr","locations":[{"start":{"line":2,"column":6},"end":{"line":2,"column":28}},{"start":{"line":2,"column":32},"end":{"line":2,"column":54}}],"line":2},"2":{"loc":{"start":{"line":3,"column":2},"end":{"line":3,"column":41}},"type":"if","locations":[{"start":{"line":3,"column":2},"end":{"line":3,"column":41}},{"start":{},"end":{}}],"line":3},"3":{"loc":{"start":{"line":3,"column":6},"end":{"line":3,"column":24}},"type":"binary-expr","locations":[{"start":{"line":3,"column":6},"end":{"line":3,"column":13}},{"start":{"line":3,"column":17},"end":{"line":3,"column":24}}],"line":3},"4":{"loc":{"start":{"line":4,"column":2},"end":{"line":8,"column":3}},"type":"if","locations":[{"start":{"line":4,"column":2},"end":{"line":8,"column":3}},{"start":{},"end":{}}],"line":4}},"s":{"0":1,"1":7,"2":3,"3":4,"4":1,"5":3,"6":1,"7":1,"8":1,"9":3,"10":3,"11":3,"12":4127,"13":3,"14":1},"f":{"0":7},"b":{"0":[3,4],"1":[7,6],"2":[1,3],"3":[4,3],"4":[1,2]},"_coverageSchema":"1a1c01bbd47fc00a2c39e90264f33305004495a9","hash":"63d847e6db39ee2fb466ea06ee50cfb1922d08bd"}
}
