TN:
SF:sumAll.js
FN:1,(anonymous_0)
FNF:1
FNH:1
FNDA:6,(anonymous_0)
DA:1,1
DA:3,6
DA:4,3
DA:7,3
DA:8,1
DA:9,1
DA:10,1
DA:12,3
DA:13,3
DA:14,4127
DA:16,3
DA:21,1
LF:12
LH:12
BRDA:3,0,0,3
BRDA:3,0,1,3
BRDA:3,1,0,6
BRDA:3,1,1,6
BRDA:3,1,2,4
BRDA:3,1,3,4
BRDA:3,1,4,4
BRDA:3,1,5,3
BRDA:7,2,0,1
BRDA:7,2,1,2
BRF:10
BRH:10
end_of_record
TN:
SF:solution\sumAll-solution.js
FN:1,(anonymous_0)
FNF:1
FNH:1
FNDA:7,(anonymous_0)
DA:1,1
DA:2,7
DA:3,4
DA:4,3
DA:5,1
DA:6,1
DA:7,1
DA:9,3
DA:10,3
DA:11,4127
DA:13,3
DA:16,1
LF:12
LH:12
BRDA:2,0,0,3
BRDA:2,0,1,4
BRDA:2,1,0,7
BRDA:2,1,1,6
BRDA:3,2,0,1
BRDA:3,2,1,3
BRDA:3,3,0,4
BRDA:3,3,1,3
BRDA:4,4,0,1
BRDA:4,4,1,2
BRF:10
BRH:10
end_of_record
